INFO: [VRFC 10-2263] Analyzing Verilog file "D:/tmp/CSExperiment_MIPS/Project_Singal_CPU/Project_Singal_CPU.srcs/sources_1/ip/Instr_Mem/sim/Instr_Mem.v" into library xil_defaultlib
INFO: [VRFC 10-311] analyzing module Instr_Mem
INFO: [VRFC 10-2263] Analyzing Verilog file "D:/tmp/CSExperiment_MIPS/Project_Singal_CPU/Project_Singal_CPU.srcs/sources_1/imports/Project_Singal_CPU/ALU.v" into library xil_defaultlib
INFO: [VRFC 10-311] analyzing module ALU
INFO: [VRFC 10-2263] Analyzing Verilog file "D:/tmp/CSExperiment_MIPS/Project_Singal_CPU/Project_Singal_CPU.srcs/sources_1/imports/Project_Singal_CPU/Ctrl.v" into library xil_defaultlib
INFO: [VRFC 10-311] analyzing module Ctrl
INFO: [VRFC 10-2263] Analyzing Verilog file "D:/tmp/CSExperiment_MIPS/Project_Singal_CPU/Project_Singal_CPU.srcs/sources_1/imports/Project_Singal_CPU/Ext.v" into library xil_defaultlib
INFO: [VRFC 10-311] analyzing module Ext
INFO: [VRFC 10-2263] Analyzing Verilog file "D:/tmp/CSExperiment_MIPS/Project_Singal_CPU/Project_Singal_CPU.srcs/sources_1/imports/Project_Singal_CPU/MIPS.v" into library xil_defaultlib
INFO: [VRFC 10-311] analyzing module ALU
WARNING: [VRFC 10-1195] overwriting previous definition of module ALU [D:/tmp/CSExperiment_MIPS/Project_Singal_CPU/Project_Singal_CPU.srcs/sources_1/imports/Project_Singal_CPU/ALU.v:1]
INFO: [VRFC 10-311] analyzing module Ctrl
WARNING: [VRFC 10-1195] overwriting previous definition of module Ctrl [D:/tmp/CSExperiment_MIPS/Project_Singal_CPU/Project_Singal_CPU.srcs/sources_1/imports/Project_Singal_CPU/Ctrl.v:1]
INFO: [VRFC 10-311] analyzing module Ext
WARNING: [VRFC 10-1195] overwriting previous definition of module Ext [D:/tmp/CSExperiment_MIPS/Project_Singal_CPU/Project_Singal_CPU.srcs/sources_1/imports/Project_Singal_CPU/Ext.v:1]
INFO: [VRFC 10-311] analyzing module Instr_Mem
WARNING: [VRFC 10-1195] overwriting previous definition of module Instr_Mem [D:/tmp/CSExperiment_MIPS/Project_Singal_CPU/Project_Singal_CPU.srcs/sources_1/imports/Project_Singal_CPU/Instr_Mem.v:1]
INFO: [VRFC 10-311] analyzing module Mem
INFO: [VRFC 10-311] analyzing module MUX
INFO: [VRFC 10-311] analyzing module Next_PC
INFO: [VRFC 10-311] analyzing module PC
INFO: [VRFC 10-311] analyzing module MIPS
INFO: [VRFC 10-2263] Analyzing Verilog file "D:/tmp/CSExperiment_MIPS/Project_Singal_CPU/Project_Singal_CPU.srcs/sources_1/imports/Project_Singal_CPU/MUX.v" into library xil_defaultlib
INFO: [VRFC 10-311] analyzing module MUX
WARNING: [VRFC 10-1195] overwriting previous definition of module MUX [D:/tmp/CSExperiment_MIPS/Project_Singal_CPU/Project_Singal_CPU.srcs/sources_1/imports/Project_Singal_CPU/MUX.v:1]
INFO: [VRFC 10-2263] Analyzing Verilog file "D:/tmp/CSExperiment_MIPS/Project_Singal_CPU/Project_Singal_CPU.srcs/sources_1/imports/Project_Singal_CPU/Mem.v" into library xil_defaultlib
INFO: [VRFC 10-311] analyzing module Mem
WARNING: [VRFC 10-1195] overwriting previous definition of module Mem [D:/tmp/CSExperiment_MIPS/Project_Singal_CPU/Project_Singal_CPU.srcs/sources_1/imports/Project_Singal_CPU/Mem.v:1]
INFO: [VRFC 10-2263] Analyzing Verilog file "D:/tmp/CSExperiment_MIPS/Project_Singal_CPU/Project_Singal_CPU.srcs/sources_1/imports/Project_Singal_CPU/Next_PC.v" into library xil_defaultlib
INFO: [VRFC 10-311] analyzing module Next_PC
WARNING: [VRFC 10-1195] overwriting previous definition of module Next_PC [D:/tmp/CSExperiment_MIPS/Project_Singal_CPU/Project_Singal_CPU.srcs/sources_1/imports/Project_Singal_CPU/Next_PC.v:1]
INFO: [VRFC 10-2263] Analyzing Verilog file "D:/tmp/CSExperiment_MIPS/Project_Singal_CPU/Project_Singal_CPU.srcs/sources_1/imports/Project_Singal_CPU/PC.v" into library xil_defaultlib
INFO: [VRFC 10-311] analyzing module PC
WARNING: [VRFC 10-1195] overwriting previous definition of module PC [D:/tmp/CSExperiment_MIPS/Project_Singal_CPU/Project_Singal_CPU.srcs/sources_1/imports/Project_Singal_CPU/PC.v:1]
INFO: [VRFC 10-2263] Analyzing Verilog file "D:/tmp/CSExperiment_MIPS/Project_Singal_CPU/Project_Singal_CPU.srcs/sources_1/imports/Project_Singal_CPU/RegFile.v" into library xil_defaultlib
INFO: [VRFC 10-311] analyzing module RegFile
INFO: [VRFC 10-2263] Analyzing Verilog file "D:/tmp/CSExperiment_MIPS/Project_Singal_CPU/Project_Singal_CPU.srcs/sources_1/imports/Project_Singal_CPU/clk_div.v" into library xil_defaultlib
INFO: [VRFC 10-311] analyzing module clk_div
INFO: [VRFC 10-2263] Analyzing Verilog file "D:/tmp/CSExperiment_MIPS/Project_Singal_CPU/Project_Singal_CPU.srcs/sources_1/imports/Project_Singal_CPU/seg7x16.v" into library xil_defaultlib
INFO: [VRFC 10-311] analyzing module seg7x16
INFO: [VRFC 10-2263] Analyzing Verilog file "D:/tmp/CSExperiment_MIPS/Project_Singal_CPU/Project_Singal_CPU.srcs/sources_1/imports/Project_Singal_CPU/TESTBENCH.v" into library xil_defaultlib
INFO: [VRFC 10-311] analyzing module seg7x16
WARNING: [VRFC 10-1195] overwriting previous definition of module seg7x16 [D:/tmp/CSExperiment_MIPS/Project_Singal_CPU/Project_Singal_CPU.srcs/sources_1/imports/Project_Singal_CPU/seg7x16.v:2]
INFO: [VRFC 10-311] analyzing module clk_div
WARNING: [VRFC 10-1195] overwriting previous definition of module clk_div [D:/tmp/CSExperiment_MIPS/Project_Singal_CPU/Project_Singal_CPU.srcs/sources_1/imports/Project_Singal_CPU/clk_div.v:2]
INFO: [VRFC 10-311] analyzing module ALU
WARNING: [VRFC 10-1195] overwriting previous definition of module ALU [D:/tmp/CSExperiment_MIPS/Project_Singal_CPU/Project_Singal_CPU.srcs/sources_1/imports/Project_Singal_CPU/ALU.v:1]
INFO: [VRFC 10-311] analyzing module Ctrl
WARNING: [VRFC 10-1195] overwriting previous definition of module Ctrl [D:/tmp/CSExperiment_MIPS/Project_Singal_CPU/Project_Singal_CPU.srcs/sources_1/imports/Project_Singal_CPU/Ctrl.v:1]
INFO: [VRFC 10-311] analyzing module Ext
WARNING: [VRFC 10-1195] overwriting previous definition of module Ext [D:/tmp/CSExperiment_MIPS/Project_Singal_CPU/Project_Singal_CPU.srcs/sources_1/imports/Project_Singal_CPU/Ext.v:1]
INFO: [VRFC 10-311] analyzing module Instr_Mem
WARNING: [VRFC 10-1195] overwriting previous definition of module Instr_Mem [D:/tmp/CSExperiment_MIPS/Project_Singal_CPU/Project_Singal_CPU.srcs/sources_1/imports/Project_Singal_CPU/Instr_Mem.v:1]
INFO: [VRFC 10-311] analyzing module Mem
WARNING: [VRFC 10-1195] overwriting previous definition of module Mem [D:/tmp/CSExperiment_MIPS/Project_Singal_CPU/Project_Singal_CPU.srcs/sources_1/imports/Project_Singal_CPU/Mem.v:1]
INFO: [VRFC 10-311] analyzing module MUX
WARNING: [VRFC 10-1195] overwriting previous definition of module MUX [D:/tmp/CSExperiment_MIPS/Project_Singal_CPU/Project_Singal_CPU.srcs/sources_1/imports/Project_Singal_CPU/MUX.v:1]
INFO: [VRFC 10-311] analyzing module Next_PC
WARNING: [VRFC 10-1195] overwriting previous definition of module Next_PC [D:/tmp/CSExperiment_MIPS/Project_Singal_CPU/Project_Singal_CPU.srcs/sources_1/imports/Project_Singal_CPU/Next_PC.v:1]
INFO: [VRFC 10-311] analyzing module PC
WARNING: [VRFC 10-1195] overwriting previous definition of module PC [D:/tmp/CSExperiment_MIPS/Project_Singal_CPU/Project_Singal_CPU.srcs/sources_1/imports/Project_Singal_CPU/PC.v:1]
INFO: [VRFC 10-311] analyzing module MIPS
WARNING: [VRFC 10-1195] overwriting previous definition of module MIPS [D:/tmp/CSExperiment_MIPS/Project_Singal_CPU/Project_Singal_CPU.srcs/sources_1/imports/Project_Singal_CPU/MIPS.v:9]
INFO: [VRFC 10-311] analyzing module TESTBENCH
INFO: [VRFC 10-2263] Analyzing Verilog file "D:/tmp/CSExperiment_MIPS/Project_Singal_CPU/Project_Singal_CPU.sim/sim_1/behav/glbl.v" into library xil_defaultlib
INFO: [VRFC 10-311] analyzing module glbl
